2021-07-02T13:15:05+00:00 CRITICAL Uncaught Error: Call to a member function get_gallery_image_ids() on string in C:\laragon\www\mikamino\wp-content\plugins\woocommerce\templates\single-product.php:62
Stack trace:
#0 C:\laragon\www\mikamino\wp-includes\template-loader.php(106): include()
#1 C:\laragon\www\mikamino\wp-blog-header.php(19): require_once('C:\\laragon\\www\\...')
#2 C:\laragon\www\mikamino\index.php(17): require('C:\\laragon\\www\\...')
#3 {main}
  thrown dans C:\laragon\www\mikamino\wp-content\plugins\woocommerce\templates\single-product.php à la ligne 62

2021-07-02T13:16:25+00:00 CRITICAL Uncaught Error: Call to a member function get_gallery_image_ids() on string in C:\laragon\www\mikamino\wp-content\plugins\woocommerce\templates\single-product.php:62
Stack trace:
#0 C:\laragon\www\mikamino\wp-includes\template-loader.php(106): include()
#1 C:\laragon\www\mikamino\wp-blog-header.php(19): require_once('C:\\laragon\\www\\...')
#2 C:\laragon\www\mikamino\index.php(17): require('C:\\laragon\\www\\...')
#3 {main}
  thrown dans C:\laragon\www\mikamino\wp-content\plugins\woocommerce\templates\single-product.php à la ligne 62

2021-07-02T13:16:33+00:00 CRITICAL Uncaught Error: Call to a member function get_gallery_image_ids() on string in C:\laragon\www\mikamino\wp-content\plugins\woocommerce\templates\single-product.php:62
Stack trace:
#0 C:\laragon\www\mikamino\wp-includes\template-loader.php(106): include()
#1 C:\laragon\www\mikamino\wp-blog-header.php(19): require_once('C:\\laragon\\www\\...')
#2 C:\laragon\www\mikamino\index.php(17): require('C:\\laragon\\www\\...')
#3 {main}
  thrown dans C:\laragon\www\mikamino\wp-content\plugins\woocommerce\templates\single-product.php à la ligne 62

2021-07-02T13:16:51+00:00 CRITICAL Uncaught Error: Call to a member function get_gallery_image_ids() on string in C:\laragon\www\mikamino\wp-content\plugins\woocommerce\templates\single-product.php:62
Stack trace:
#0 C:\laragon\www\mikamino\wp-includes\template-loader.php(106): include()
#1 C:\laragon\www\mikamino\wp-blog-header.php(19): require_once('C:\\laragon\\www\\...')
#2 C:\laragon\www\mikamino\index.php(17): require('C:\\laragon\\www\\...')
#3 {main}
  thrown dans C:\laragon\www\mikamino\wp-content\plugins\woocommerce\templates\single-product.php à la ligne 62

2021-07-02T13:17:08+00:00 CRITICAL Uncaught Error: Call to a member function get_gallery_image_ids() on string in C:\laragon\www\mikamino\wp-content\plugins\woocommerce\templates\single-product.php:62
Stack trace:
#0 C:\laragon\www\mikamino\wp-includes\template-loader.php(106): include()
#1 C:\laragon\www\mikamino\wp-blog-header.php(19): require_once('C:\\laragon\\www\\...')
#2 C:\laragon\www\mikamino\index.php(17): require('C:\\laragon\\www\\...')
#3 {main}
  thrown dans C:\laragon\www\mikamino\wp-content\plugins\woocommerce\templates\single-product.php à la ligne 62

2021-07-02T13:31:05+00:00 CRITICAL syntax error, unexpected '}' dans C:\laragon\www\mikamino\wp-content\plugins\woocommerce\templates\content-single-product.php à la ligne 50

